{"uid":"68dbbc3bafd333a4","name":"Verify new employee +button is visible in search with new PersonId -- @1.1 ","fullName":"Search Functionality: Verify new employee +button is visible in search with new PersonId","historyId":"15e25dd2b81717dcbf4219c6393633ec","time":{"start":1727287211093,"stop":1727287223852,"duration":12759},"status":"broken","statusMessage":"selenium.common.exceptions.TimeoutException: Message: \n            failed while waiting 5 seconds\n            to assert Visible\n            for first_by('xpath', \"//h4[normalize-space()='Employee Information']\")\n\n            reason: NoSuchElementException: Message: no such element: Unable to locate element: {\"method\":\"xpath\",\"selector\":\"//h4[normalize-space()='Employee Information']\"}\n  (Session info: chrome=129.0.6668.58)\nStacktrace:\n\tGetHandleVerifier [0x00007FF6672FB632+29090]\n\t(No symbol) [0x00007FF66726E6E9]\n\t(No symbol) [0x00007FF66712B1CA]\n\t(No symbol) [0x00007FF66717EFD7]\n\t(No symbol) [0x00007FF66717F22C]\n\t(No symbol) [0x00007FF6671C97F7]\n\t(No symbol) [0x00007FF6671A672F]\n\t(No symbol) [0x00007FF6671C65D9]\n\t(No symbol) [0x00007FF6671A6493]\n\t(No symbol) [0x00007FF6671709B1]\n\t(No symbol) [0x00007FF667171B11]\n\tGetHandleVerifier [0x00007FF66761883D+3294125]\n\tGetHandleVerifier [0x00007FF667664423+3604371]\n\tGetHandleVerifier [0x00007FF66765A2E7+3563095]\n\tGetHandleVerifier [0x00007FF6673B6F16+797318]\n\t(No symbol) [0x00007FF66727986F]\n\t(No symbol) [0x00007FF667275454]\n\t(No symbol) [0x00007FF6672755E0]\n\t(No symbol) [0x00007FF667264A7F]\n\tBaseThreadInitThunk [0x00007FF87E9C257D+29]\n\tRtlUserThreadStart [0x00007FF87FFCAF28+40]\n\nStacktrace:\n\tGetHandleVerifier [0x00007FF6672FB632+29090]\n\t(No symbol) [0x00007FF66726E6E9]\n\t(No symbol) [0x00007FF66712B1CA]\n\t(No symbol) [0x00007FF66717EFD7]\n\t(No symbol) [0x00007FF66717F22C]\n\t(No symbol) [0x00007FF6671C97F7]\n\t(No symbol) [0x00007FF6671A672F]\n\t(No symbol) [0x00007FF6671C65D9]\n\t(No symbol) [0x00007FF6671A6493]\n\t(No symbol) [0x00007FF6671709B1]\n\t(No symbol) [0x00007FF667171B11]\n\tGetHandleVerifier [0x00007FF66761883D+3294125]\n\tGetHandleVerifier [0x00007FF667664423+3604371]\n\tGetHandleVerifier [0x00007FF66765A2E7+3563095]\n\tGetHandleVerifier [0x00007FF6673B6F16+797318]\n\t(No symbol) [0x00007FF66727986F]\n\t(No symbol) [0x00007FF667275454]\n\t(No symbol) [0x00007FF6672755E0]\n\t(No symbol) [0x00007FF667264A7F]\n\tBaseThreadInitThunk [0x00007FF87E9C257D+29]\n\tRtlUserThreadStart [0x00007FF87FFCAF28+40]\n\n","statusTrace":"  File \"C:\\Python-Selenium\\Python_SeleniumBDD\\Python_Selenium\\venv1\\Lib\\site-packages\\behave\\model.py\", line 1329, in run\n    match.run(runner.context)\n  File \"C:\\Python-Selenium\\Python_SeleniumBDD\\Python_Selenium\\venv1\\Lib\\site-packages\\behave\\matchers.py\", line 98, in run\n    self.func(context, *args, **kwargs)\n  File \"features\\testing\\steps\\search_feature.py\", line 34, in stem_impl\n    assert context.employee_searchOBJ.is_employee_information_popup_visible()\n           ^^^^^^^^^^^^^^^^^^^^^^^^^^^^^^^^^^^^^^^^^^^^^^^^^^^^^^^^^^^^^^^^^^\n  File \"C:\\Python-Selenium\\Python_SeleniumBDD\\Python_Selenium\\pages\\employee_search.py\", line 78, in is_employee_information_popup_visible\n    self.popup_title.should_wait_till(Visible(5))\n  File \"C:\\Python-Selenium\\Python_SeleniumBDD\\Python_Selenium\\core\\element.py\", line 56, in should_wait_till\n    condition.wait_till(self)\n  File \"C:\\Python-Selenium\\Python_SeleniumBDD\\Python_Selenium\\core\\condition\\visible.py\", line 13, in wait_till\n    wait_for(el, be.visible, self.timeout, 1)\n  File \"C:\\Python-Selenium\\Python_SeleniumBDD\\Python_Selenium\\venv1\\Lib\\site-packages\\selene\\wait.py\", line 50, in wait_for\n    raise TimeoutException('''\n","flaky":false,"newFailed":false,"newBroken":false,"newPassed":false,"retriesCount":0,"retriesStatusChange":false,"beforeStages":[],"testStage":{"status":"broken","statusMessage":"selenium.common.exceptions.TimeoutException: Message: \n            failed while waiting 5 seconds\n            to assert Visible\n            for first_by('xpath', \"//h4[normalize-space()='Employee Information']\")\n\n            reason: NoSuchElementException: Message: no such element: Unable to locate element: {\"method\":\"xpath\",\"selector\":\"//h4[normalize-space()='Employee Information']\"}\n  (Session info: chrome=129.0.6668.58)\nStacktrace:\n\tGetHandleVerifier [0x00007FF6672FB632+29090]\n\t(No symbol) [0x00007FF66726E6E9]\n\t(No symbol) [0x00007FF66712B1CA]\n\t(No symbol) [0x00007FF66717EFD7]\n\t(No symbol) [0x00007FF66717F22C]\n\t(No symbol) [0x00007FF6671C97F7]\n\t(No symbol) [0x00007FF6671A672F]\n\t(No symbol) [0x00007FF6671C65D9]\n\t(No symbol) [0x00007FF6671A6493]\n\t(No symbol) [0x00007FF6671709B1]\n\t(No symbol) [0x00007FF667171B11]\n\tGetHandleVerifier [0x00007FF66761883D+3294125]\n\tGetHandleVerifier [0x00007FF667664423+3604371]\n\tGetHandleVerifier [0x00007FF66765A2E7+3563095]\n\tGetHandleVerifier [0x00007FF6673B6F16+797318]\n\t(No symbol) [0x00007FF66727986F]\n\t(No symbol) [0x00007FF667275454]\n\t(No symbol) [0x00007FF6672755E0]\n\t(No symbol) [0x00007FF667264A7F]\n\tBaseThreadInitThunk [0x00007FF87E9C257D+29]\n\tRtlUserThreadStart [0x00007FF87FFCAF28+40]\n\nStacktrace:\n\tGetHandleVerifier [0x00007FF6672FB632+29090]\n\t(No symbol) [0x00007FF66726E6E9]\n\t(No symbol) [0x00007FF66712B1CA]\n\t(No symbol) [0x00007FF66717EFD7]\n\t(No symbol) [0x00007FF66717F22C]\n\t(No symbol) [0x00007FF6671C97F7]\n\t(No symbol) [0x00007FF6671A672F]\n\t(No symbol) [0x00007FF6671C65D9]\n\t(No symbol) [0x00007FF6671A6493]\n\t(No symbol) [0x00007FF6671709B1]\n\t(No symbol) [0x00007FF667171B11]\n\tGetHandleVerifier [0x00007FF66761883D+3294125]\n\tGetHandleVerifier [0x00007FF667664423+3604371]\n\tGetHandleVerifier [0x00007FF66765A2E7+3563095]\n\tGetHandleVerifier [0x00007FF6673B6F16+797318]\n\t(No symbol) [0x00007FF66727986F]\n\t(No symbol) [0x00007FF667275454]\n\t(No symbol) [0x00007FF6672755E0]\n\t(No symbol) [0x00007FF667264A7F]\n\tBaseThreadInitThunk [0x00007FF87E9C257D+29]\n\tRtlUserThreadStart [0x00007FF87FFCAF28+40]\n\n","statusTrace":"  File \"C:\\Python-Selenium\\Python_SeleniumBDD\\Python_Selenium\\venv1\\Lib\\site-packages\\behave\\model.py\", line 1329, in run\n    match.run(runner.context)\n  File \"C:\\Python-Selenium\\Python_SeleniumBDD\\Python_Selenium\\venv1\\Lib\\site-packages\\behave\\matchers.py\", line 98, in run\n    self.func(context, *args, **kwargs)\n  File \"features\\testing\\steps\\search_feature.py\", line 34, in stem_impl\n    assert context.employee_searchOBJ.is_employee_information_popup_visible()\n           ^^^^^^^^^^^^^^^^^^^^^^^^^^^^^^^^^^^^^^^^^^^^^^^^^^^^^^^^^^^^^^^^^^\n  File \"C:\\Python-Selenium\\Python_SeleniumBDD\\Python_Selenium\\pages\\employee_search.py\", line 78, in is_employee_information_popup_visible\n    self.popup_title.should_wait_till(Visible(5))\n  File \"C:\\Python-Selenium\\Python_SeleniumBDD\\Python_Selenium\\core\\element.py\", line 56, in should_wait_till\n    condition.wait_till(self)\n  File \"C:\\Python-Selenium\\Python_SeleniumBDD\\Python_Selenium\\core\\condition\\visible.py\", line 13, in wait_till\n    wait_for(el, be.visible, self.timeout, 1)\n  File \"C:\\Python-Selenium\\Python_SeleniumBDD\\Python_Selenium\\venv1\\Lib\\site-packages\\selene\\wait.py\", line 50, in wait_for\n    raise TimeoutException('''\n","steps":[{"name":"Given : Navigate to Home page","time":{"start":1727287211094,"stop":1727287211911,"duration":817},"status":"passed","steps":[],"attachments":[],"parameters":[],"stepsCount":0,"attachmentStep":false,"hasContent":false,"attachmentsCount":0,"shouldDisplayMessage":false},{"name":"And last PersonId digit option is selected from dropdown","time":{"start":1727287211912,"stop":1727287213983,"duration":2071},"status":"passed","steps":[],"attachments":[],"parameters":[],"stepsCount":0,"attachmentStep":false,"hasContent":false,"attachmentsCount":0,"shouldDisplayMessage":false},{"name":"And Enter the personId   24241221","time":{"start":1727287213983,"stop":1727287214251,"duration":268},"status":"passed","steps":[],"attachments":[],"parameters":[],"stepsCount":0,"attachmentStep":false,"hasContent":false,"attachmentsCount":0,"shouldDisplayMessage":false},{"name":"When user click on add employee button","time":{"start":1727287214251,"stop":1727287218524,"duration":4273},"status":"passed","steps":[],"attachments":[],"parameters":[],"stepsCount":0,"attachmentStep":false,"hasContent":false,"attachmentsCount":0,"shouldDisplayMessage":false},{"name":"Then employee information popup should open","time":{"start":1727287218525,"stop":1727287223738,"duration":5213},"status":"broken","statusMessage":"selenium.common.exceptions.TimeoutException: Message: \n            failed while waiting 5 seconds\n            to assert Visible\n            for first_by('xpath', \"//h4[normalize-space()='Employee Information']\")\n\n            reason: NoSuchElementException: Message: no such element: Unable to locate element: {\"method\":\"xpath\",\"selector\":\"//h4[normalize-space()='Employee Information']\"}\n  (Session info: chrome=129.0.6668.58)\nStacktrace:\n\tGetHandleVerifier [0x00007FF6672FB632+29090]\n\t(No symbol) [0x00007FF66726E6E9]\n\t(No symbol) [0x00007FF66712B1CA]\n\t(No symbol) [0x00007FF66717EFD7]\n\t(No symbol) [0x00007FF66717F22C]\n\t(No symbol) [0x00007FF6671C97F7]\n\t(No symbol) [0x00007FF6671A672F]\n\t(No symbol) [0x00007FF6671C65D9]\n\t(No symbol) [0x00007FF6671A6493]\n\t(No symbol) [0x00007FF6671709B1]\n\t(No symbol) [0x00007FF667171B11]\n\tGetHandleVerifier [0x00007FF66761883D+3294125]\n\tGetHandleVerifier [0x00007FF667664423+3604371]\n\tGetHandleVerifier [0x00007FF66765A2E7+3563095]\n\tGetHandleVerifier [0x00007FF6673B6F16+797318]\n\t(No symbol) [0x00007FF66727986F]\n\t(No symbol) [0x00007FF667275454]\n\t(No symbol) [0x00007FF6672755E0]\n\t(No symbol) [0x00007FF667264A7F]\n\tBaseThreadInitThunk [0x00007FF87E9C257D+29]\n\tRtlUserThreadStart [0x00007FF87FFCAF28+40]\n\nStacktrace:\n\tGetHandleVerifier [0x00007FF6672FB632+29090]\n\t(No symbol) [0x00007FF66726E6E9]\n\t(No symbol) [0x00007FF66712B1CA]\n\t(No symbol) [0x00007FF66717EFD7]\n\t(No symbol) [0x00007FF66717F22C]\n\t(No symbol) [0x00007FF6671C97F7]\n\t(No symbol) [0x00007FF6671A672F]\n\t(No symbol) [0x00007FF6671C65D9]\n\t(No symbol) [0x00007FF6671A6493]\n\t(No symbol) [0x00007FF6671709B1]\n\t(No symbol) [0x00007FF667171B11]\n\tGetHandleVerifier [0x00007FF66761883D+3294125]\n\tGetHandleVerifier [0x00007FF667664423+3604371]\n\tGetHandleVerifier [0x00007FF66765A2E7+3563095]\n\tGetHandleVerifier [0x00007FF6673B6F16+797318]\n\t(No symbol) [0x00007FF66727986F]\n\t(No symbol) [0x00007FF667275454]\n\t(No symbol) [0x00007FF6672755E0]\n\t(No symbol) [0x00007FF667264A7F]\n\tBaseThreadInitThunk [0x00007FF87E9C257D+29]\n\tRtlUserThreadStart [0x00007FF87FFCAF28+40]\n\n","statusTrace":"  File \"C:\\Python-Selenium\\Python_SeleniumBDD\\Python_Selenium\\venv1\\Lib\\site-packages\\behave\\model.py\", line 1329, in run\n    match.run(runner.context)\n  File \"C:\\Python-Selenium\\Python_SeleniumBDD\\Python_Selenium\\venv1\\Lib\\site-packages\\behave\\matchers.py\", line 98, in run\n    self.func(context, *args, **kwargs)\n  File \"features\\testing\\steps\\search_feature.py\", line 34, in stem_impl\n    assert context.employee_searchOBJ.is_employee_information_popup_visible()\n           ^^^^^^^^^^^^^^^^^^^^^^^^^^^^^^^^^^^^^^^^^^^^^^^^^^^^^^^^^^^^^^^^^^\n  File \"C:\\Python-Selenium\\Python_SeleniumBDD\\Python_Selenium\\pages\\employee_search.py\", line 78, in is_employee_information_popup_visible\n    self.popup_title.should_wait_till(Visible(5))\n  File \"C:\\Python-Selenium\\Python_SeleniumBDD\\Python_Selenium\\core\\element.py\", line 56, in should_wait_till\n    condition.wait_till(self)\n  File \"C:\\Python-Selenium\\Python_SeleniumBDD\\Python_Selenium\\core\\condition\\visible.py\", line 13, in wait_till\n    wait_for(el, be.visible, self.timeout, 1)\n  File \"C:\\Python-Selenium\\Python_SeleniumBDD\\Python_Selenium\\venv1\\Lib\\site-packages\\selene\\wait.py\", line 50, in wait_for\n    raise TimeoutException('''\n","steps":[],"attachments":[],"parameters":[],"stepsCount":0,"attachmentStep":false,"hasContent":true,"attachmentsCount":0,"shouldDisplayMessage":true}],"attachments":[{"uid":"9c34dd3457b309cd","name":"failure_screenshot","source":"9c34dd3457b309cd.png","type":"image/png","size":104739}],"parameters":[],"stepsCount":5,"attachmentStep":false,"hasContent":true,"attachmentsCount":1,"shouldDisplayMessage":false},"afterStages":[],"labels":[{"name":"severity","value":"normal"},{"name":"feature","value":"Search Functionality"},{"name":"framework","value":"behave"},{"name":"language","value":"cpython3"},{"name":"resultFormat","value":"allure2"}],"parameters":[{"name":"option","value":"PersonId"},{"name":"personId","value":"24241221"}],"links":[],"hidden":false,"retry":false,"extra":{"severity":"normal","retries":[],"categories":[{"name":"Test defects","matchedStatuses":[],"flaky":false}],"tags":[]},"source":"68dbbc3bafd333a4.json","parameterValues":["PersonId","24241221"]}